<?xml version="1.0" encoding="UTF-8"?>
<testsuite name="com.example.order_service.controller.OrderControllerTest" tests="10" skipped="0" failures="0" errors="0" timestamp="2025-04-08T08:05:32.745Z" hostname="choeminsig-ui-MacBookAir.local" time="0.283">
  <properties/>
  <testcase name="주문 생성 테스트" classname="com.example.order_service.controller.OrderControllerTest" time="0.164"/>
  <testcase name="[1] pageDto=com.example.order_service.dto.response.PageDto@40b1cb8f" classname="com.example.order_service.controller.OrderControllerTest" time="0.017"/>
  <testcase name="[2] pageDto=com.example.order_service.dto.response.PageDto@48332551" classname="com.example.order_service.controller.OrderControllerTest" time="0.007"/>
  <testcase name="주문 목록 조회 테스트 - 주문을 찾을 수 없을때" classname="com.example.order_service.controller.OrderControllerTest" time="0.01"/>
  <testcase name="items 필드 =&gt; items size must be between 1 and 10" classname="com.example.order_service.controller.OrderControllerTest" time="0.02"/>
  <testcase name="items 필드 =&gt; Order items is required" classname="com.example.order_service.controller.OrderControllerTest" time="0.007"/>
  <testcase name="deliveryAddress 필드 =&gt; Delivery Address is required" classname="com.example.order_service.controller.OrderControllerTest" time="0.006"/>
  <testcase name="items[0].productId 필드 =&gt; Product Id is required" classname="com.example.order_service.controller.OrderControllerTest" time="0.007"/>
  <testcase name="items[0].quantity 필드 =&gt; Order Quantity must not be less 1" classname="com.example.order_service.controller.OrderControllerTest" time="0.006"/>
  <testcase name="주문 생성 테스트 - 상품이 존재하지 않을때" classname="com.example.order_service.controller.OrderControllerTest" time="0.007"/>
  <system-out><![CDATA[2025-04-08T17:05:31.401+09:00  INFO 84365 --- [    Test worker] t.c.s.AnnotationConfigContextLoaderUtils : Could not detect default configuration classes for test class [com.example.order_service.controller.OrderControllerTest]: OrderControllerTest does not declare any static, non-private, non-final, nested classes annotated with @Configuration.
2025-04-08T17:05:31.416+09:00  INFO 84365 --- [    Test worker] .b.t.c.SpringBootTestContextBootstrapper : Found @SpringBootConfiguration com.example.order_service.OrderServiceApplication for test class com.example.order_service.controller.OrderControllerTest

  .   ____          _            __ _ _
 /\\ / ___'_ __ _ _(_)_ __  __ _ \ \ \ \
( ( )\___ | '_ | '_| | '_ \/ _` | \ \ \ \
 \\/  ___)| |_)| | | | | || (_| |  ) ) ) )
  '  |____| .__|_| |_|_| |_\__, | / / / /
 =========|_|==============|___/=/_/_/_/

 :: Spring Boot ::                (v3.4.4)

2025-04-08T17:05:31.462+09:00  INFO 84365 --- [    Test worker] c.c.c.ConfigServicePropertySourceLocator : Fetching config from server at : http://localhost:8888/
2025-04-08T17:05:31.581+09:00  INFO 84365 --- [ntainer#0-0-C-1] o.a.k.c.c.internals.ConsumerCoordinator  : [Consumer clientId=consumer-orders-1, groupId=orders] Successfully joined group with generation Generation{generationId=191, memberId='consumer-orders-1-993509ea-a939-4fd3-a62b-befd6914dd4d', protocol='range'}
2025-04-08T17:05:31.599+09:00  INFO 84365 --- [ntainer#0-0-C-1] o.a.k.c.c.internals.ConsumerCoordinator  : [Consumer clientId=consumer-orders-1, groupId=orders] Successfully synced group in generation Generation{generationId=191, memberId='consumer-orders-1-993509ea-a939-4fd3-a62b-befd6914dd4d', protocol='range'}
2025-04-08T17:05:31.600+09:00  INFO 84365 --- [ntainer#0-0-C-1] o.a.k.c.c.internals.ConsumerCoordinator  : [Consumer clientId=consumer-orders-1, groupId=orders] Notifying assignor about the new Assignment(partitions=[])
2025-04-08T17:05:31.601+09:00  INFO 84365 --- [ntainer#0-0-C-1] k.c.c.i.ConsumerRebalanceListenerInvoker : [Consumer clientId=consumer-orders-1, groupId=orders] Adding newly assigned partitions: 
2025-04-08T17:05:31.602+09:00  INFO 84365 --- [ntainer#0-0-C-1] o.s.k.l.KafkaMessageListenerContainer    : orders: partitions assigned: []
2025-04-08T17:05:32.373+09:00  INFO 84365 --- [    Test worker] c.c.c.ConfigServicePropertySourceLocator : Located environment: name=order-service, profiles=[default], label=null, version=c09295434466eb8d59fa973dc3b559f3036f80df, state=
2025-04-08T17:05:32.374+09:00  INFO 84365 --- [    Test worker] b.c.PropertySourceBootstrapConfiguration : Located property source: [BootstrapPropertySource {name='bootstrapProperties-configClient'}]
2025-04-08T17:05:32.383+09:00  INFO 84365 --- [    Test worker] c.e.o.controller.OrderControllerTest     : No active profile set, falling back to 1 default profile: "default"
2025-04-08T17:05:32.722+09:00  INFO 84365 --- [    Test worker] o.s.b.t.m.w.SpringBootMockServletContext : Initializing Spring TestDispatcherServlet ''
2025-04-08T17:05:32.723+09:00  INFO 84365 --- [    Test worker] o.s.t.web.servlet.TestDispatcherServlet  : Initializing Servlet ''
2025-04-08T17:05:32.725+09:00  INFO 84365 --- [    Test worker] o.s.t.web.servlet.TestDispatcherServlet  : Completed initialization in 1 ms
2025-04-08T17:05:32.741+09:00  INFO 84365 --- [    Test worker] c.e.o.controller.OrderControllerTest     : Started OrderControllerTest in 1.323 seconds (process running for 6.926)
]]></system-out>
  <system-err><![CDATA[]]></system-err>
</testsuite>
